  stdafx.cpp
E:\MyProgram\C++\UBI\EscapeRoom\Geometry.h(123,1): warning C4305: 'argument': truncation from 'double' to 'const float'
E:\MyProgram\C++\UBI\EscapeRoom\Geometry.h(124,1): warning C4305: 'argument': truncation from 'double' to 'const float'
E:\MyProgram\C++\UBI\EscapeRoom\Geometry.h(125,1): warning C4305: 'argument': truncation from 'double' to 'const float'
E:\MyProgram\C++\UBI\EscapeRoom\Geometry.h(126,1): warning C4305: 'argument': truncation from 'double' to 'const float'
E:\MyProgram\C++\UBI\EscapeRoom\Geometry.h(127,1): warning C4305: 'argument': truncation from 'double' to 'const float'
E:\MyProgram\C++\UBI\EscapeRoom\Geometry.h(128,1): warning C4305: 'argument': truncation from 'double' to 'const float'
E:\MyProgram\C++\UBI\EscapeRoom\Geometry.h(129,1): warning C4305: 'argument': truncation from 'double' to 'const float'
E:\MyProgram\C++\UBI\EscapeRoom\Geometry.h(130,1): warning C4305: 'argument': truncation from 'double' to 'const float'
  CollisionComponent.cpp
  EscapeRoomGame.cpp
  GUID.cpp
  GameObject.cpp
  Geometry.cpp
  IComponent.cpp
  MathMatrix.cpp
  MathVector.cpp
  PathControlComponent.cpp
  PlayerControlComponent.cpp
  QuadTreeNode.cpp
  SceneLevel0.cpp
  SceneSystem.cpp
  ShapeAnimatorComponent.cpp
  ShapeComponent.cpp
  Signal.cpp
  SpriteComponent.cpp
  Util.cpp
  Generating Code...
  EscapeRoom.vcxproj -> E:\MyProgram\C++\UBI\x64\Debug\EscapeRoom.exe
